2019-04-01 16:59:19.774 [main] INFO  o.s.c.a.AnnotationConfigApplicationContext - Refreshing org.springframework.context.annotation.AnnotationConfigApplicationContext@28d6290: startup date [Mon Apr 01 16:59:19 CST 2019]; root of context hierarchy
2019-04-01 16:59:20.790 [main] INFO  o.s.b.f.a.AutowiredAnnotationBeanPostProcessor - JSR-330 'javax.inject.Inject' annotation found and supported for autowiring
2019-04-01 16:59:20.933 [main] INFO  o.s.c.s.PostProcessorRegistrationDelegate$BeanPostProcessorChecker - Bean 'configurationPropertiesRebinderAutoConfiguration' of type [org.springframework.cloud.autoconfigure.ConfigurationPropertiesRebinderAutoConfiguration$$EnhancerBySpringCGLIB$$f651f53c] is not eligible for getting processed by all BeanPostProcessors (for example: not eligible for auto-proxying)
2019-04-01 16:59:22.859 [main] INFO  o.s.c.c.c.ConfigServicePropertySourceLocator - Fetching config from server at : http://192.168.0.145:8000
2019-04-01 16:59:24.424 [main] INFO  o.s.c.c.c.ConfigServicePropertySourceLocator - Located environment: name=gateway, profiles=[dev], label=null, version=null, state=null
2019-04-01 16:59:24.425 [main] INFO  o.s.c.b.c.PropertySourceBootstrapConfiguration - Located property source: CompositePropertySource {name='configService', propertySources=[MapPropertySource {name='file:/home/springcloud/demo/config/config-repo/gateway-dev.yml'}]}
2019-04-01 16:59:24.718 [main] INFO  o.s.b.w.r.c.AnnotationConfigReactiveWebServerApplicationContext - Refreshing org.springframework.boot.web.reactive.context.AnnotationConfigReactiveWebServerApplicationContext@4b2a30d: startup date [Mon Apr 01 16:59:24 CST 2019]; parent: org.springframework.context.annotation.AnnotationConfigApplicationContext@28d6290
2019-04-01 16:59:26.662 [main] INFO  o.s.b.f.s.DefaultListableBeanFactory - Overriding bean definition for bean 'hiddenHttpMethodFilter' with a different definition: replacing [Root bean: class [null]; scope=; abstract=false; lazyInit=false; autowireMode=3; dependencyCheck=0; autowireCandidate=true; primary=false; factoryBeanName=org.springframework.boot.autoconfigure.web.reactive.WebFluxAutoConfiguration; factoryMethodName=hiddenHttpMethodFilter; initMethodName=null; destroyMethodName=(inferred); defined in class path resource [org/springframework/boot/autoconfigure/web/reactive/WebFluxAutoConfiguration.class]] with [Root bean: class [null]; scope=; abstract=false; lazyInit=false; autowireMode=3; dependencyCheck=0; autowireCandidate=true; primary=false; factoryBeanName=org.springframework.cloud.gateway.config.GatewayAutoConfiguration; factoryMethodName=hiddenHttpMethodFilter; initMethodName=null; destroyMethodName=(inferred); defined in class path resource [org/springframework/cloud/gateway/config/GatewayAutoConfiguration.class]]
2019-04-01 16:59:28.198 [main] INFO  o.s.cloud.context.scope.GenericScope - BeanFactory id=4c4479d3-54c9-372f-a35e-049339734f87
2019-04-01 16:59:28.246 [main] INFO  o.s.b.f.a.AutowiredAnnotationBeanPostProcessor - JSR-330 'javax.inject.Inject' annotation found and supported for autowiring
2019-04-01 16:59:28.760 [main] INFO  o.s.c.s.PostProcessorRegistrationDelegate$BeanPostProcessorChecker - Bean 'org.springframework.cloud.autoconfigure.ConfigurationPropertiesRebinderAutoConfiguration' of type [org.springframework.cloud.autoconfigure.ConfigurationPropertiesRebinderAutoConfiguration$$EnhancerBySpringCGLIB$$f651f53c] is not eligible for getting processed by all BeanPostProcessors (for example: not eligible for auto-proxying)
2019-04-01 16:59:29.868 [main] WARN  c.n.c.sources.URLConfigurationSource - No URLs will be polled as dynamic configuration sources.
2019-04-01 16:59:29.868 [main] INFO  c.n.c.sources.URLConfigurationSource - To enable URLs as dynamic configuration sources, define System property archaius.configurationSource.additionalUrls or make config.properties available on classpath.
2019-04-01 16:59:29.878 [main] WARN  c.n.c.sources.URLConfigurationSource - No URLs will be polled as dynamic configuration sources.
2019-04-01 16:59:29.878 [main] INFO  c.n.c.sources.URLConfigurationSource - To enable URLs as dynamic configuration sources, define System property archaius.configurationSource.additionalUrls or make config.properties available on classpath.
2019-04-01 16:59:30.866 [main] INFO  o.s.w.r.r.m.a.RequestMappingHandlerMapping - Mapped "{[/hello]}" onto public java.lang.String com.minstone.gateway.MinstoneGatewayApplication.hello(java.lang.String,java.lang.String,java.lang.String)
2019-04-01 16:59:30.954 [main] INFO  o.s.w.r.f.s.s.RouterFunctionMapping - Mapped (GET && /routes) -> com.minstone.gateway.autoconfigure.RouteDefinitionAutoConfiguration$$Lambda$314/1538456363@591be8aa
(POST && /routes) -> com.minstone.gateway.autoconfigure.RouteDefinitionAutoConfiguration$$Lambda$316/532732340@61808ecd
(DELETE && /routes/{id}) -> com.minstone.gateway.autoconfigure.RouteDefinitionAutoConfiguration$$Lambda$317/2015110295@7f1f60a0
(GET && /routes/{id}) -> com.minstone.gateway.autoconfigure.RouteDefinitionAutoConfiguration$$Lambda$318/192264336@77ea806f
2019-04-01 16:59:31.005 [main] INFO  o.s.w.r.h.SimpleUrlHandlerMapping - Mapped URL path [/webjars/**] onto handler of type [class org.springframework.web.reactive.resource.ResourceWebHandler]
2019-04-01 16:59:31.005 [main] INFO  o.s.w.r.h.SimpleUrlHandlerMapping - Mapped URL path [/**] onto handler of type [class org.springframework.web.reactive.resource.ResourceWebHandler]
2019-04-01 16:59:34.666 [main] INFO  o.s.c.g.r.RouteDefinitionRouteLocator - Loaded RoutePredicateFactory [After]
2019-04-01 16:59:34.667 [main] INFO  o.s.c.g.r.RouteDefinitionRouteLocator - Loaded RoutePredicateFactory [Before]
2019-04-01 16:59:34.667 [main] INFO  o.s.c.g.r.RouteDefinitionRouteLocator - Loaded RoutePredicateFactory [Between]
2019-04-01 16:59:34.668 [main] INFO  o.s.c.g.r.RouteDefinitionRouteLocator - Loaded RoutePredicateFactory [Cookie]
2019-04-01 16:59:34.668 [main] INFO  o.s.c.g.r.RouteDefinitionRouteLocator - Loaded RoutePredicateFactory [Header]
2019-04-01 16:59:34.668 [main] INFO  o.s.c.g.r.RouteDefinitionRouteLocator - Loaded RoutePredicateFactory [Host]
2019-04-01 16:59:34.668 [main] INFO  o.s.c.g.r.RouteDefinitionRouteLocator - Loaded RoutePredicateFactory [Method]
2019-04-01 16:59:34.668 [main] INFO  o.s.c.g.r.RouteDefinitionRouteLocator - Loaded RoutePredicateFactory [Path]
2019-04-01 16:59:34.668 [main] INFO  o.s.c.g.r.RouteDefinitionRouteLocator - Loaded RoutePredicateFactory [Query]
2019-04-01 16:59:34.668 [main] INFO  o.s.c.g.r.RouteDefinitionRouteLocator - Loaded RoutePredicateFactory [ReadBodyPredicateFactory]
2019-04-01 16:59:34.669 [main] INFO  o.s.c.g.r.RouteDefinitionRouteLocator - Loaded RoutePredicateFactory [RemoteAddr]
2019-04-01 16:59:34.669 [main] INFO  o.s.c.g.r.RouteDefinitionRouteLocator - Loaded RoutePredicateFactory [Weight]
2019-04-01 16:59:34.669 [main] INFO  o.s.c.g.r.RouteDefinitionRouteLocator - Loaded RoutePredicateFactory [CloudFoundryRouteService]
2019-04-01 16:59:38.159 [main] INFO  o.s.b.a.e.web.EndpointLinksResolver - Exposing 20 endpoint(s) beneath base path '/actuator'
2019-04-01 16:59:38.180 [main] INFO  o.s.b.a.e.w.r.WebFluxEndpointHandlerMapping - Mapped "{[/actuator/archaius],methods=[GET],produces=[application/vnd.spring-boot.actuator.v2+json || application/json]}" onto public org.reactivestreams.Publisher<org.springframework.http.ResponseEntity<java.lang.Object>> org.springframework.boot.actuate.endpoint.web.reactive.AbstractWebFluxEndpointHandlerMapping$ReadOperationHandler.handle(org.springframework.web.server.ServerWebExchange)
2019-04-01 16:59:38.182 [main] INFO  o.s.b.a.e.w.r.WebFluxEndpointHandlerMapping - Mapped "{[/actuator/auditevents],methods=[GET],produces=[application/vnd.spring-boot.actuator.v2+json || application/json]}" onto public org.reactivestreams.Publisher<org.springframework.http.ResponseEntity<java.lang.Object>> org.springframework.boot.actuate.endpoint.web.reactive.AbstractWebFluxEndpointHandlerMapping$ReadOperationHandler.handle(org.springframework.web.server.ServerWebExchange)
2019-04-01 16:59:38.184 [main] INFO  o.s.b.a.e.w.r.WebFluxEndpointHandlerMapping - Mapped "{[/actuator/beans],methods=[GET],produces=[application/vnd.spring-boot.actuator.v2+json || application/json]}" onto public org.reactivestreams.Publisher<org.springframework.http.ResponseEntity<java.lang.Object>> org.springframework.boot.actuate.endpoint.web.reactive.AbstractWebFluxEndpointHandlerMapping$ReadOperationHandler.handle(org.springframework.web.server.ServerWebExchange)
2019-04-01 16:59:38.185 [main] INFO  o.s.b.a.e.w.r.WebFluxEndpointHandlerMapping - Mapped "{[/actuator/health],methods=[GET],produces=[application/vnd.spring-boot.actuator.v2+json || application/json]}" onto public org.reactivestreams.Publisher<org.springframework.http.ResponseEntity<java.lang.Object>> org.springframework.boot.actuate.endpoint.web.reactive.AbstractWebFluxEndpointHandlerMapping$ReadOperationHandler.handle(org.springframework.web.server.ServerWebExchange)
2019-04-01 16:59:38.186 [main] INFO  o.s.b.a.e.w.r.WebFluxEndpointHandlerMapping - Mapped "{[/actuator/conditions],methods=[GET],produces=[application/vnd.spring-boot.actuator.v2+json || application/json]}" onto public org.reactivestreams.Publisher<org.springframework.http.ResponseEntity<java.lang.Object>> org.springframework.boot.actuate.endpoint.web.reactive.AbstractWebFluxEndpointHandlerMapping$ReadOperationHandler.handle(org.springframework.web.server.ServerWebExchange)
2019-04-01 16:59:38.188 [main] INFO  o.s.b.a.e.w.r.WebFluxEndpointHandlerMapping - Mapped "{[/actuator/configprops],methods=[GET],produces=[application/vnd.spring-boot.actuator.v2+json || application/json]}" onto public org.reactivestreams.Publisher<org.springframework.http.ResponseEntity<java.lang.Object>> org.springframework.boot.actuate.endpoint.web.reactive.AbstractWebFluxEndpointHandlerMapping$ReadOperationHandler.handle(org.springframework.web.server.ServerWebExchange)
2019-04-01 16:59:38.189 [main] INFO  o.s.b.a.e.w.r.WebFluxEndpointHandlerMapping - Mapped "{[/actuator/env],methods=[GET],produces=[application/vnd.spring-boot.actuator.v2+json || application/json]}" onto public org.reactivestreams.Publisher<org.springframework.http.ResponseEntity<java.lang.Object>> org.springframework.boot.actuate.endpoint.web.reactive.AbstractWebFluxEndpointHandlerMapping$ReadOperationHandler.handle(org.springframework.web.server.ServerWebExchange)
2019-04-01 16:59:38.190 [main] INFO  o.s.b.a.e.w.r.WebFluxEndpointHandlerMapping - Mapped "{[/actuator/env/{toMatch}],methods=[GET],produces=[application/vnd.spring-boot.actuator.v2+json || application/json]}" onto public org.reactivestreams.Publisher<org.springframework.http.ResponseEntity<java.lang.Object>> org.springframework.boot.actuate.endpoint.web.reactive.AbstractWebFluxEndpointHandlerMapping$ReadOperationHandler.handle(org.springframework.web.server.ServerWebExchange)
2019-04-01 16:59:38.192 [main] INFO  o.s.b.a.e.w.r.WebFluxEndpointHandlerMapping - Mapped "{[/actuator/env],methods=[POST],consumes=[application/vnd.spring-boot.actuator.v2+json || application/json],produces=[application/vnd.spring-boot.actuator.v2+json || application/json]}" onto public org.reactivestreams.Publisher<org.springframework.http.ResponseEntity<java.lang.Object>> org.springframework.boot.actuate.endpoint.web.reactive.AbstractWebFluxEndpointHandlerMapping$WriteOperationHandler.handle(org.springframework.web.server.ServerWebExchange,java.util.Map<java.lang.String, java.lang.String>)
2019-04-01 16:59:38.194 [main] INFO  o.s.b.a.e.w.r.WebFluxEndpointHandlerMapping - Mapped "{[/actuator/env],methods=[DELETE],produces=[application/vnd.spring-boot.actuator.v2+json || application/json]}" onto public org.reactivestreams.Publisher<org.springframework.http.ResponseEntity<java.lang.Object>> org.springframework.boot.actuate.endpoint.web.reactive.AbstractWebFluxEndpointHandlerMapping$ReadOperationHandler.handle(org.springframework.web.server.ServerWebExchange)
2019-04-01 16:59:38.196 [main] INFO  o.s.b.a.e.w.r.WebFluxEndpointHandlerMapping - Mapped "{[/actuator/info],methods=[GET],produces=[application/vnd.spring-boot.actuator.v2+json || application/json]}" onto public org.reactivestreams.Publisher<org.springframework.http.ResponseEntity<java.lang.Object>> org.springframework.boot.actuate.endpoint.web.reactive.AbstractWebFluxEndpointHandlerMapping$ReadOperationHandler.handle(org.springframework.web.server.ServerWebExchange)
2019-04-01 16:59:38.197 [main] INFO  o.s.b.a.e.w.r.WebFluxEndpointHandlerMapping - Mapped "{[/actuator/loggers],methods=[GET],produces=[application/vnd.spring-boot.actuator.v2+json || application/json]}" onto public org.reactivestreams.Publisher<org.springframework.http.ResponseEntity<java.lang.Object>> org.springframework.boot.actuate.endpoint.web.reactive.AbstractWebFluxEndpointHandlerMapping$ReadOperationHandler.handle(org.springframework.web.server.ServerWebExchange)
2019-04-01 16:59:38.199 [main] INFO  o.s.b.a.e.w.r.WebFluxEndpointHandlerMapping - Mapped "{[/actuator/loggers/{name}],methods=[POST],consumes=[application/vnd.spring-boot.actuator.v2+json || application/json]}" onto public org.reactivestreams.Publisher<org.springframework.http.ResponseEntity<java.lang.Object>> org.springframework.boot.actuate.endpoint.web.reactive.AbstractWebFluxEndpointHandlerMapping$WriteOperationHandler.handle(org.springframework.web.server.ServerWebExchange,java.util.Map<java.lang.String, java.lang.String>)
2019-04-01 16:59:38.201 [main] INFO  o.s.b.a.e.w.r.WebFluxEndpointHandlerMapping - Mapped "{[/actuator/loggers/{name}],methods=[GET],produces=[application/vnd.spring-boot.actuator.v2+json || application/json]}" onto public org.reactivestreams.Publisher<org.springframework.http.ResponseEntity<java.lang.Object>> org.springframework.boot.actuate.endpoint.web.reactive.AbstractWebFluxEndpointHandlerMapping$ReadOperationHandler.handle(org.springframework.web.server.ServerWebExchange)
2019-04-01 16:59:38.202 [main] INFO  o.s.b.a.e.w.r.WebFluxEndpointHandlerMapping - Mapped "{[/actuator/heapdump],methods=[GET],produces=[application/octet-stream]}" onto public org.reactivestreams.Publisher<org.springframework.http.ResponseEntity<java.lang.Object>> org.springframework.boot.actuate.endpoint.web.reactive.AbstractWebFluxEndpointHandlerMapping$ReadOperationHandler.handle(org.springframework.web.server.ServerWebExchange)
2019-04-01 16:59:38.203 [main] INFO  o.s.b.a.e.w.r.WebFluxEndpointHandlerMapping - Mapped "{[/actuator/threaddump],methods=[GET],produces=[application/vnd.spring-boot.actuator.v2+json || application/json]}" onto public org.reactivestreams.Publisher<org.springframework.http.ResponseEntity<java.lang.Object>> org.springframework.boot.actuate.endpoint.web.reactive.AbstractWebFluxEndpointHandlerMapping$ReadOperationHandler.handle(org.springframework.web.server.ServerWebExchange)
2019-04-01 16:59:38.204 [main] INFO  o.s.b.a.e.w.r.WebFluxEndpointHandlerMapping - Mapped "{[/actuator/metrics],methods=[GET],produces=[application/vnd.spring-boot.actuator.v2+json || application/json]}" onto public org.reactivestreams.Publisher<org.springframework.http.ResponseEntity<java.lang.Object>> org.springframework.boot.actuate.endpoint.web.reactive.AbstractWebFluxEndpointHandlerMapping$ReadOperationHandler.handle(org.springframework.web.server.ServerWebExchange)
2019-04-01 16:59:38.205 [main] INFO  o.s.b.a.e.w.r.WebFluxEndpointHandlerMapping - Mapped "{[/actuator/metrics/{requiredMetricName}],methods=[GET],produces=[application/vnd.spring-boot.actuator.v2+json || application/json]}" onto public org.reactivestreams.Publisher<org.springframework.http.ResponseEntity<java.lang.Object>> org.springframework.boot.actuate.endpoint.web.reactive.AbstractWebFluxEndpointHandlerMapping$ReadOperationHandler.handle(org.springframework.web.server.ServerWebExchange)
2019-04-01 16:59:38.207 [main] INFO  o.s.b.a.e.w.r.WebFluxEndpointHandlerMapping - Mapped "{[/actuator/scheduledtasks],methods=[GET],produces=[application/vnd.spring-boot.actuator.v2+json || application/json]}" onto public org.reactivestreams.Publisher<org.springframework.http.ResponseEntity<java.lang.Object>> org.springframework.boot.actuate.endpoint.web.reactive.AbstractWebFluxEndpointHandlerMapping$ReadOperationHandler.handle(org.springframework.web.server.ServerWebExchange)
2019-04-01 16:59:38.208 [main] INFO  o.s.b.a.e.w.r.WebFluxEndpointHandlerMapping - Mapped "{[/actuator/httptrace],methods=[GET],produces=[application/vnd.spring-boot.actuator.v2+json || application/json]}" onto public org.reactivestreams.Publisher<org.springframework.http.ResponseEntity<java.lang.Object>> org.springframework.boot.actuate.endpoint.web.reactive.AbstractWebFluxEndpointHandlerMapping$ReadOperationHandler.handle(org.springframework.web.server.ServerWebExchange)
2019-04-01 16:59:38.209 [main] INFO  o.s.b.a.e.w.r.WebFluxEndpointHandlerMapping - Mapped "{[/actuator/mappings],methods=[GET],produces=[application/vnd.spring-boot.actuator.v2+json || application/json]}" onto public org.reactivestreams.Publisher<org.springframework.http.ResponseEntity<java.lang.Object>> org.springframework.boot.actuate.endpoint.web.reactive.AbstractWebFluxEndpointHandlerMapping$ReadOperationHandler.handle(org.springframework.web.server.ServerWebExchange)
2019-04-01 16:59:38.211 [main] INFO  o.s.b.a.e.w.r.WebFluxEndpointHandlerMapping - Mapped "{[/actuator/refresh],methods=[POST],produces=[application/vnd.spring-boot.actuator.v2+json || application/json]}" onto public org.reactivestreams.Publisher<org.springframework.http.ResponseEntity<java.lang.Object>> org.springframework.boot.actuate.endpoint.web.reactive.AbstractWebFluxEndpointHandlerMapping$WriteOperationHandler.handle(org.springframework.web.server.ServerWebExchange,java.util.Map<java.lang.String, java.lang.String>)
2019-04-01 16:59:38.212 [main] INFO  o.s.b.a.e.w.r.WebFluxEndpointHandlerMapping - Mapped "{[/actuator/features],methods=[GET],produces=[application/vnd.spring-boot.actuator.v2+json || application/json]}" onto public org.reactivestreams.Publisher<org.springframework.http.ResponseEntity<java.lang.Object>> org.springframework.boot.actuate.endpoint.web.reactive.AbstractWebFluxEndpointHandlerMapping$ReadOperationHandler.handle(org.springframework.web.server.ServerWebExchange)
2019-04-01 16:59:38.213 [main] INFO  o.s.b.a.e.w.r.WebFluxEndpointHandlerMapping - Mapped "{[/actuator/service-registry],methods=[GET],produces=[application/vnd.spring-boot.actuator.v2+json || application/json]}" onto public org.reactivestreams.Publisher<org.springframework.http.ResponseEntity<java.lang.Object>> org.springframework.boot.actuate.endpoint.web.reactive.AbstractWebFluxEndpointHandlerMapping$ReadOperationHandler.handle(org.springframework.web.server.ServerWebExchange)
2019-04-01 16:59:38.215 [main] INFO  o.s.b.a.e.w.r.WebFluxEndpointHandlerMapping - Mapped "{[/actuator/service-registry],methods=[POST],consumes=[application/vnd.spring-boot.actuator.v2+json || application/json],produces=[application/vnd.spring-boot.actuator.v2+json || application/json]}" onto public org.reactivestreams.Publisher<org.springframework.http.ResponseEntity<java.lang.Object>> org.springframework.boot.actuate.endpoint.web.reactive.AbstractWebFluxEndpointHandlerMapping$WriteOperationHandler.handle(org.springframework.web.server.ServerWebExchange,java.util.Map<java.lang.String, java.lang.String>)
2019-04-01 16:59:38.216 [main] INFO  o.s.b.a.e.w.r.WebFluxEndpointHandlerMapping - Mapped "{[/actuator],methods=[GET],produces=[application/vnd.spring-boot.actuator.v2+json || application/json]}" onto protected java.util.Map<java.lang.String, java.util.Map<java.lang.String, org.springframework.boot.actuate.endpoint.web.Link>> org.springframework.boot.actuate.endpoint.web.reactive.WebFluxEndpointHandlerMapping.links(org.springframework.web.server.ServerWebExchange)
2019-04-01 16:59:38.240 [main] INFO  o.s.b.a.e.w.r.ControllerEndpointHandlerMapping - Mapped "{[/actuator/gateway/routes/{id}],methods=[DELETE]}" onto public reactor.core.publisher.Mono<org.springframework.http.ResponseEntity<java.lang.Object>> org.springframework.cloud.gateway.actuate.GatewayControllerEndpoint.delete(java.lang.String)
2019-04-01 16:59:38.241 [main] INFO  o.s.b.a.e.w.r.ControllerEndpointHandlerMapping - Mapped "{[/actuator/gateway/routes/{id}],methods=[POST]}" onto public reactor.core.publisher.Mono<org.springframework.http.ResponseEntity<java.lang.Void>> org.springframework.cloud.gateway.actuate.GatewayControllerEndpoint.save(java.lang.String,reactor.core.publisher.Mono<org.springframework.cloud.gateway.route.RouteDefinition>)
2019-04-01 16:59:38.242 [main] INFO  o.s.b.a.e.w.r.ControllerEndpointHandlerMapping - Mapped "{[/actuator/gateway/refresh],methods=[POST]}" onto public reactor.core.publisher.Mono<java.lang.Void> org.springframework.cloud.gateway.actuate.GatewayControllerEndpoint.refresh()
2019-04-01 16:59:38.242 [main] INFO  o.s.b.a.e.w.r.ControllerEndpointHandlerMapping - Mapped "{[/actuator/gateway/routes],methods=[GET]}" onto public reactor.core.publisher.Mono<java.util.List<java.util.Map<java.lang.String, java.lang.Object>>> org.springframework.cloud.gateway.actuate.GatewayControllerEndpoint.routes()
2019-04-01 16:59:38.242 [main] INFO  o.s.b.a.e.w.r.ControllerEndpointHandlerMapping - Mapped "{[/actuator/gateway/routes/{id}],methods=[GET]}" onto public reactor.core.publisher.Mono<org.springframework.http.ResponseEntity<org.springframework.cloud.gateway.route.RouteDefinition>> org.springframework.cloud.gateway.actuate.GatewayControllerEndpoint.route(java.lang.String)
2019-04-01 16:59:38.243 [main] INFO  o.s.b.a.e.w.r.ControllerEndpointHandlerMapping - Mapped "{[/actuator/gateway/routefilters],methods=[GET]}" onto public reactor.core.publisher.Mono<java.util.HashMap<java.lang.String, java.lang.Object>> org.springframework.cloud.gateway.actuate.GatewayControllerEndpoint.routefilers()
2019-04-01 16:59:38.243 [main] INFO  o.s.b.a.e.w.r.ControllerEndpointHandlerMapping - Mapped "{[/actuator/gateway/routes/{id}/combinedfilters],methods=[GET]}" onto public reactor.core.publisher.Mono<java.util.HashMap<java.lang.String, java.lang.Object>> org.springframework.cloud.gateway.actuate.GatewayControllerEndpoint.combinedfilters(java.lang.String)
2019-04-01 16:59:38.243 [main] INFO  o.s.b.a.e.w.r.ControllerEndpointHandlerMapping - Mapped "{[/actuator/gateway/globalfilters],methods=[GET]}" onto public reactor.core.publisher.Mono<java.util.HashMap<java.lang.String, java.lang.Object>> org.springframework.cloud.gateway.actuate.GatewayControllerEndpoint.globalfilters()
2019-04-01 16:59:38.244 [main] INFO  o.s.b.a.e.w.r.ControllerEndpointHandlerMapping - Mapped "{[/actuator/hystrix.stream],methods=[GET],produces=[text/event-stream]}" onto public reactor.core.publisher.Flux<java.lang.String> org.springframework.cloud.netflix.hystrix.HystrixWebfluxEndpoint.hystrixStream()
2019-04-01 16:59:38.341 [main] INFO  o.s.w.r.r.m.a.ControllerMethodResolver - Looking for @ControllerAdvice: org.springframework.boot.web.reactive.context.AnnotationConfigReactiveWebServerApplicationContext@4b2a30d: startup date [Mon Apr 01 16:59:24 CST 2019]; parent: org.springframework.context.annotation.AnnotationConfigApplicationContext@28d6290
2019-04-01 16:59:39.798 [main] INFO  o.s.j.e.a.AnnotationMBeanExporter - Registering beans for JMX exposure on startup
2019-04-01 16:59:39.811 [main] INFO  o.s.j.e.a.AnnotationMBeanExporter - Bean with name 'refreshScope' has been autodetected for JMX exposure
2019-04-01 16:59:39.816 [main] INFO  o.s.j.e.a.AnnotationMBeanExporter - Bean with name 'environmentManager' has been autodetected for JMX exposure
2019-04-01 16:59:39.820 [main] INFO  o.s.j.e.a.AnnotationMBeanExporter - Bean with name 'configurationPropertiesRebinder' has been autodetected for JMX exposure
2019-04-01 16:59:39.825 [main] INFO  o.s.j.e.a.AnnotationMBeanExporter - Located managed bean 'environmentManager': registering with JMX server as MBean [org.springframework.cloud.context.environment:name=environmentManager,type=EnvironmentManager]
2019-04-01 16:59:39.837 [main] INFO  o.s.j.e.a.AnnotationMBeanExporter - Located managed bean 'refreshScope': registering with JMX server as MBean [org.springframework.cloud.context.scope.refresh:name=refreshScope,type=RefreshScope]
2019-04-01 16:59:39.857 [main] INFO  o.s.j.e.a.AnnotationMBeanExporter - Located managed bean 'configurationPropertiesRebinder': registering with JMX server as MBean [org.springframework.cloud.context.properties:name=configurationPropertiesRebinder,context=4b2a30d,type=ConfigurationPropertiesRebinder]
2019-04-01 16:59:39.882 [main] INFO  o.s.c.s.DefaultLifecycleProcessor - Starting beans in phase 0
2019-04-01 16:59:39.931 [main] INFO  o.s.c.n.eureka.InstanceInfoFactory - Setting initial instance status as: STARTING
2019-04-01 16:59:40.484 [main] INFO  c.netflix.discovery.DiscoveryClient - Initializing Eureka in region us-east-1
2019-04-01 16:59:40.649 [main] INFO  c.n.d.p.DiscoveryJerseyProvider - Using JSON encoding codec LegacyJacksonJson
2019-04-01 16:59:40.650 [main] INFO  c.n.d.p.DiscoveryJerseyProvider - Using JSON decoding codec LegacyJacksonJson
2019-04-01 16:59:40.852 [main] INFO  c.n.d.p.DiscoveryJerseyProvider - Using XML encoding codec XStreamXml
2019-04-01 16:59:40.852 [main] INFO  c.n.d.p.DiscoveryJerseyProvider - Using XML decoding codec XStreamXml
2019-04-01 16:59:41.260 [main] INFO  c.n.d.s.r.aws.ConfigClusterResolver - Resolving eureka endpoints via configuration
2019-04-01 16:59:41.525 [main] INFO  c.netflix.discovery.DiscoveryClient - Disable delta property : false
2019-04-01 16:59:41.526 [main] INFO  c.netflix.discovery.DiscoveryClient - Single vip registry refresh property : null
2019-04-01 16:59:41.526 [main] INFO  c.netflix.discovery.DiscoveryClient - Force full registry fetch : false
2019-04-01 16:59:41.526 [main] INFO  c.netflix.discovery.DiscoveryClient - Application is null : false
2019-04-01 16:59:41.526 [main] INFO  c.netflix.discovery.DiscoveryClient - Registered Applications size is zero : true
2019-04-01 16:59:41.526 [main] INFO  c.netflix.discovery.DiscoveryClient - Application version is -1: true
2019-04-01 16:59:41.526 [main] INFO  c.netflix.discovery.DiscoveryClient - Getting all instance registry info from the eureka server
2019-04-01 16:59:42.194 [main] INFO  c.netflix.discovery.DiscoveryClient - The response status is 200
2019-04-01 16:59:42.199 [main] INFO  c.netflix.discovery.DiscoveryClient - Starting heartbeat executor: renew interval is: 30
2019-04-01 16:59:42.203 [main] INFO  c.n.discovery.InstanceInfoReplicator - InstanceInfoReplicator onDemand update allowed rate per min is 4
2019-04-01 16:59:42.225 [main] INFO  c.netflix.discovery.DiscoveryClient - Discovery Client initialized at timestamp 1554109182207 with initial instances count: 16
2019-04-01 16:59:42.235 [main] INFO  o.s.c.n.e.s.EurekaServiceRegistry - Registering application GATEWAY with eureka with status UP
2019-04-01 16:59:42.236 [main] INFO  c.netflix.discovery.DiscoveryClient - Saw local status change event StatusChangeEvent [timestamp=1554109182236, current=UP, previous=STARTING]
2019-04-01 16:59:42.239 [DiscoveryClient-InstanceInfoReplicator-0] INFO  c.netflix.discovery.DiscoveryClient - DiscoveryClient_GATEWAY/AGOC3-705051129:gateway:8888: registering service...
2019-04-01 16:59:43.117 [reactor-http-nio-1] INFO  r.ipc.netty.tcp.BlockingNettyContext - Started HttpServer on /0:0:0:0:0:0:0:0:8888
2019-04-01 16:59:43.118 [main] INFO  o.s.b.w.e.netty.NettyWebServer - Netty started on port(s): 8888
2019-04-01 16:59:43.120 [main] INFO  o.s.c.n.e.s.EurekaAutoServiceRegistration - Updating port to 8888
2019-04-01 16:59:43.730 [RMI TCP Connection(3)-127.0.0.1] INFO  com.zaxxer.hikari.HikariDataSource - HikariPool-1 - Starting...
2019-04-01 16:59:44.381 [RMI TCP Connection(3)-127.0.0.1] INFO  com.zaxxer.hikari.HikariDataSource - HikariPool-1 - Start completed.
2019-04-01 16:59:44.415 [RMI TCP Connection(3)-127.0.0.1] DEBUG o.s.jdbc.core.JdbcTemplate - Executing SQL query [SELECT 1]
2019-04-01 16:59:44.488 [RMI TCP Connection(3)-127.0.0.1] INFO  com.zaxxer.hikari.HikariDataSource - HikariPool-2 - Starting...
2019-04-01 16:59:44.938 [RMI TCP Connection(3)-127.0.0.1] INFO  com.zaxxer.hikari.HikariDataSource - HikariPool-2 - Start completed.
2019-04-01 16:59:44.939 [RMI TCP Connection(3)-127.0.0.1] DEBUG o.s.jdbc.core.JdbcTemplate - Executing SQL query [SELECT 'Hello' from DUAL]
2019-04-01 16:59:45.588 [RMI TCP Connection(3)-127.0.0.1] INFO  o.s.c.c.c.ConfigServicePropertySourceLocator - Fetching config from server at : http://192.168.0.145:8000
2019-04-01 16:59:45.869 [RMI TCP Connection(3)-127.0.0.1] INFO  o.s.c.c.c.ConfigServicePropertySourceLocator - Located environment: name=gateway, profiles=[dev], label=null, version=null, state=null
2019-04-01 16:59:49.317 [DiscoveryClient-InstanceInfoReplicator-0] INFO  c.netflix.discovery.DiscoveryClient - DiscoveryClient_GATEWAY/AGOC3-705051129:gateway:8888 - registration status: 204
2019-04-01 17:04:41.544 [AsyncResolver-bootstrap-executor-0] INFO  c.n.d.s.r.aws.ConfigClusterResolver - Resolving eureka endpoints via configuration
2019-04-01 17:09:41.576 [AsyncResolver-bootstrap-executor-0] INFO  c.n.d.s.r.aws.ConfigClusterResolver - Resolving eureka endpoints via configuration
2019-04-01 17:14:41.654 [AsyncResolver-bootstrap-executor-0] INFO  c.n.d.s.r.aws.ConfigClusterResolver - Resolving eureka endpoints via configuration
2019-04-01 17:19:41.694 [AsyncResolver-bootstrap-executor-0] INFO  c.n.d.s.r.aws.ConfigClusterResolver - Resolving eureka endpoints via configuration
2019-04-01 17:24:41.696 [AsyncResolver-bootstrap-executor-0] INFO  c.n.d.s.r.aws.ConfigClusterResolver - Resolving eureka endpoints via configuration
2019-04-01 17:29:41.703 [AsyncResolver-bootstrap-executor-0] INFO  c.n.d.s.r.aws.ConfigClusterResolver - Resolving eureka endpoints via configuration
2019-04-01 17:34:41.705 [AsyncResolver-bootstrap-executor-0] INFO  c.n.d.s.r.aws.ConfigClusterResolver - Resolving eureka endpoints via configuration
2019-04-01 17:39:41.707 [AsyncResolver-bootstrap-executor-0] INFO  c.n.d.s.r.aws.ConfigClusterResolver - Resolving eureka endpoints via configuration
2019-04-01 17:44:41.708 [AsyncResolver-bootstrap-executor-0] INFO  c.n.d.s.r.aws.ConfigClusterResolver - Resolving eureka endpoints via configuration
2019-04-01 17:49:41.709 [AsyncResolver-bootstrap-executor-0] INFO  c.n.d.s.r.aws.ConfigClusterResolver - Resolving eureka endpoints via configuration
2019-04-01 17:54:41.710 [AsyncResolver-bootstrap-executor-0] INFO  c.n.d.s.r.aws.ConfigClusterResolver - Resolving eureka endpoints via configuration
2019-04-01 17:59:41.712 [AsyncResolver-bootstrap-executor-0] INFO  c.n.d.s.r.aws.ConfigClusterResolver - Resolving eureka endpoints via configuration
2019-04-01 18:04:41.713 [AsyncResolver-bootstrap-executor-0] INFO  c.n.d.s.r.aws.ConfigClusterResolver - Resolving eureka endpoints via configuration
2019-04-01 18:09:41.778 [AsyncResolver-bootstrap-executor-0] INFO  c.n.d.s.r.aws.ConfigClusterResolver - Resolving eureka endpoints via configuration
2019-04-01 18:14:41.782 [AsyncResolver-bootstrap-executor-0] INFO  c.n.d.s.r.aws.ConfigClusterResolver - Resolving eureka endpoints via configuration
2019-04-01 18:19:41.895 [AsyncResolver-bootstrap-executor-0] INFO  c.n.d.s.r.aws.ConfigClusterResolver - Resolving eureka endpoints via configuration
